<?xml version="1.0" encoding="UTF-8"?>
<testng-results skipped="0" failed="0" total="0" passed="0">
  <reporter-output>
  </reporter-output>
  <suite name="Test1.MyTest" duration-ms="5" started-at="2020-04-02T23:21:19Z" finished-at="2020-04-02T23:21:19Z">
    <groups>
    </groups>
    <test name="Command line test" duration-ms="5" started-at="2020-04-02T23:21:19Z" finished-at="2020-04-02T23:21:19Z">
    </test> <!-- Command line test -->
  </suite> <!-- Test1.MyTest -->
</testng-results>
